[13:27:02.810] [INFO] storybook v10.2.17
[13:27:02.911] [ERROR] [38;2;241;97;97mSB_CORE-SERVER_0007 (MainFileEvaluationError): Storybook couldn't evaluate your [33m.storybook/main.ts[39m file.

Original error:
[37mError [ERR_MODULE_NOT_FOUND]: Cannot find package 'vite-plugin-checker' imported from /.storybook/main.ts
    at Object.getPackageJSONURL (node:internal/modules/package_json_reader:255:9)
    at packageResolve (node:internal/modules/esm/resolve:767:81)
    at moduleResolve (node:internal/modules/esm/resolve:853:18)
    at defaultResolve (node:internal/modules/esm/resolve:983:11)
    at nextResolve (node:internal/modules/esm/hooks:748:28)
    at Hooks.resolve (node:internal/modules/esm/hooks:240:30)
    at handleMessage (node:internal/modules/esm/worker:199:24)
    at Immediate.checkForMessages (node:internal/modules/esm/worker:141:28)
    at process.processImmediate (node:internal/timers:485:21)[39m[39m
    at loadMainConfig (file://./node_modules/storybook/dist/_node-chunks/chunk-LZBZZS4H.js:11709:11)
    at async buildDevStandalone (file://./node_modules/storybook/dist/core-server/index.js:7647:16)
    at async withTelemetry (file://./node_modules/storybook/dist/_node-chunks/chunk-FTTIUZEI.js:218:12)
    at async dev (file://./node_modules/storybook/dist/bin/core.js:2734:3)
    at async _Command.<anonymous> (file://./node_modules/storybook/dist/bin/core.js:2804:92)
[13:27:02.913] [WARN] Broken build, fix the error above.
You may need to refresh the browser.
[13:27:02.916] [WARN]   Failed to load preset: "/Users/matthew/Documents/workspace/mds/.storybook/main.ts"
[13:27:02.916] [ERROR] Error [ERR_MODULE_NOT_FOUND]: Cannot find package 'vite-plugin-checker' imported from ./.storybook/main.ts
    at Object.getPackageJSONURL (node:internal/modules/package_json_reader:255:9)
    at packageResolve (node:internal/modules/esm/resolve:767:81)
    at moduleResolve (node:internal/modules/esm/resolve:853:18)
    at defaultResolve (node:internal/modules/esm/resolve:983:11)
    at nextResolve (node:internal/modules/esm/hooks:748:28)
    at Hooks.resolve (node:internal/modules/esm/hooks:240:30)
    at handleMessage (node:internal/modules/esm/worker:199:24)
    at Immediate.checkForMessages (node:internal/modules/esm/worker:141:28)
    at process.processImmediate (node:internal/timers:485:21)